#
# There is insufficient memory for the Java Runtime Environment to continue.
# Native memory allocation (mmap) failed to map 132120576 bytes for Failed to commit area from 0x0000000082200000 to 0x000000008a000000 of length 132120576.
# Possible reasons:
#   The system is out of physical RAM or swap space
#   The process is running with CompressedOops enabled, and the Java Heap may be blocking the growth of the native heap
# Possible solutions:
#   Reduce memory load on the system
#   Increase physical memory or swap space
#   Check if swap backing store is full
#   Decrease Java heap size (-Xmx/-Xms)
#   Decrease number of Java threads
#   Decrease Java thread stack sizes (-Xss)
#   Set larger code cache with -XX:ReservedCodeCacheSize=
# This output file may be truncated or incomplete.
#
#  Out of Memory Error (./open/src/hotspot/os/windows/os_windows.cpp:3273), pid=16236, tid=27540
#
# JRE version:  (11.0.12+8) (build )
# Java VM: Java HotSpot(TM) 64-Bit Server VM (11.0.12+8-LTS-237, mixed mode, sharing, tiered, compressed oops, g1 gc, windows-amd64)
# No core dump will be written. Minidumps are not enabled by default on client versions of Windows
#

---------------  S U M M A R Y ------------

Command Line: -Daction.aware.typeAhead=false -Dawt.toolkit=sun.awt.windows.WToolkit -DdisableJbScreenMenuBar=true -Dfile.separator=\ -Dide.native.launcher=true -Didea.active=true -Didea.cycle.buffer.size=1024 -Didea.dynamic.classpath=false -Didea.fatal.error.notification=disabled -Didea.jre.check=true -Didea.max.content.load.filesize=20000 -Didea.max.intellisense.filesize=2500 -Didea.no.launcher=false -Didea.paths.selector=IdeaIC2022.1 -Didea.platform.prefix=Idea -Didea.popup.weight=heavy -Didea.strict.classpath=true -Didea.vendor.name=JetBrains -Didea.version=2022.1 -Didea.xdebug.key=-Xdebug -Dio.netty.allocator.cacheTrimIntervalMillis=600000 -Dio.netty.allocator.numDirectArenas=1 -Dio.netty.allocator.numHeapArenas=1 -Dio.netty.allocator.useCacheForAllThreads=false -Dio.netty.machineId=28:f0:76:ff:fe:16:65:0e -Dio.netty.processId=6170 -Dio.netty.serviceThreadPrefix=Netty  -Djava.awt.graphicsenv=sun.awt.Win32GraphicsEnvironment -Djava.awt.printerjob=sun.awt.windows.WPrinterJob -Djava.class.version=55.0 -Djava.home=C:\Program Files\Java\jdk-11.0.12 -Djava.library.path=C:\Program Files\Java\jdk-11.0.12\bin;C:\WINDOWS\Sun\Java\bin;C:\WINDOWS\system32;C:\WINDOWS;C:\Program Files\Common Files\Oracle\Java\javapath;C:\Users\ebenavideja\AppData\Local\Programs\Python\Python38\Scripts\;C:\Users\ebenavideja\AppData\Local\Programs\Python\Python38\;C:\Python38\Scripts\;C:\Python38\;C:\oraclexe\app\oracle\product\11.2.0\server\bin;C:\Program Files\Java\jdk-11.0.12\bin;C:\app\Administrador\product\11.2.0\client_1\bin;C:\WINDOWS\system32;C:\WINDOWS;C:\WINDOWS\System32\Wbem;C:\WINDOWS\System32\WindowsPowerShell\v1.0\;C:\WINDOWS\System32\OpenSSH\;C:\Program Files (x86)\Microsoft SQL Server\Client SDK\ODBC\130\Tools\Binn\;C:\Program Files (x86)\Microsoft SQL Server\130\Tools\Binn\;C:\Program Files (x86)\Microsoft SQL Server\130\DTS\Binn\;C:\Program Files (x86)\Microsoft SQL Server\130\Tools\Binn\ManagementStudio\;C:\Program Files\Java\jdk-11.0.12\bin;C:\Gradle\gradle-6.3\bin;C:\Program Files\nodejs\;C:\Program Files\Git\cmd;C:\Gradle\gradle-7.2\bin;C:\Users\ebenavideja\AppData\Local\Microsoft\WindowsApps;C:\Program Files\Java\jdk-11.0.12\bin;C:\Program Files\Intel\WiFi\bin\;C:\Program Files\Common Files\Intel\WirelessCommon\;C:\Users\ebenavideja\AppData\Local\Programs\Microsoft VS Code\bin;C:\Users\ebenavideja\AppData\Local\Microsoft\WindowsApps;C:\Program Files\JetBrains\IntelliJ IDEA Community Edition 2022.1\bin;;C:\Users\ebenavideja\AppData\Roaming\npm;C:\Program Files\IDM Computer Solutions\UltraEdit\;. -Djava.rmi.server.disableHttp=true -Djava.rmi.server.hostname=127.0.0.1 -Djava.runtime.name=OpenJDK Runtime Environment -Djava.runtime.version=11.0.12+8-LTS-237 -Djava.specification.name=Java Platform API Specification -Djava.specification.vendor=Oracle Corporation -Djava.specification.version=11 -Djava.util.concurrent.ForkJoinPool.common.threadFactory=com.intellij.concurrency.IdeaForkJoinWorkerThreadFactory -Djava.vendor=Oracle Corporation -Djava.vendor.url=https://openjdk.java.net/ -Djava.vendor.url.bug=https://bugreport.java.com/bugreport/ -Djava.vendor.version=JBR-11.0.14.1.1-2043.25-jcef -Djava.version=11.0.12 -Djava.version.date=2022-02-08 -Djava.vm.compressedOopsMode=32-bit -Djava.vm.info=mixed mode -Djava.vm.name=Java HotSpot(TM) 64-Bit Server VM -Djava.vm.specification.name=Java Virtual Machine Specification -Djava.vm.specification.vendor=Oracle Corporation -Djava.vm.specification.version=11 -Djava.vm.vendor=Oracle Corporation -Djava.vm.version=11.0.12+8-LTS-237 -Djavax.swing.JTree.excludeAccessibleChildrenFromClosedNodes=true -Djavax.swing.rebaseCssSizeMap=true -Djb.vmOptionsFile=C:\Users\ebenavideja\AppData\Roaming\JetBrains\IdeaIC2022.1\idea64.exe.vmoptions -Djdk.attach.allowAttachSelf=true -Djdk.debug=release -Djdk.http.auth.tunneling.disabledSchemes= -Djdk.module.illegalAccess.silent=true -Djna.loaded=true -Djna.nosys=true -Djna.tmpdir=C:\Users\ebenavideja\AppData\Local\JetBrains\IdeaIC2022.1/tmp -Djnidispatch.path=C:\Users\ebenavideja\AppData\Local\JetBrains\IdeaIC2022.1\tmp\jna13142832067534271375.dll -Dkotlinx.coroutines.debug=off -Dlibrary.jansi.path=C:\Users\ebenavideja\.gradle\native\jansi\1.18\windows64 -Dline.separator=
 -Dorg.gradle.internal.worker.tmpdir=C:\Users\ebenavideja\Desktop\GitHupRepo\pruebaMatriz\build\tmp\test\work -Dorg.gradle.native=false -Dos.arch=amd64 -Dos.name=Windows 10 -Dos.version=10.0 -Dpath.separator=; -Dproject.build.directory=C:\Users\ebenavideja\Desktop\GitHupRepo\pruebaMatriz -Dpty4j.preferred.native.folder=C:\Program Files\JetBrains\IntelliJ IDEA Community Edition 2022.1\lib\pty4j-native -Dpty4j.tmpdir=C:\Users\ebenavideja\AppData\Local\JetBrains\IdeaIC2022.1/tmp -Dsplash=true -Dsun.arch.data.model=64 -Dsun.boot.library.path=C:\Program Files\Java\jdk-11.0.12\bin -Dsun.cpu.endian=little -Dsun.cpu.isalist=amd64 -Dsun.desktop=windows -Dsun.io.unicode.encoding=UnicodeLittle -Dsun.java.command=org.gradle.launcher.daemon.bootstrap.GradleDaemon 7.4 -Dsun.java.launcher=SUN_STANDARD -Dsun.jnu.encoding=Cp1252 -Dsun.management.compiler=HotSpot 64-Bit Tiered Compilers -Dsun.os.patch.level -Dswing.bufferPerWindow=false -Duser.dir=C:\Users\ebenavideja\Desktop\GitHupRepo\pruebaMatriz -Duser.home=C:\Users\ebenavideja -Duser.name=ebenavideja -Duser.script -Duser.timezone=America/Bogota -Dwinp.folder.preferred=C:\Users\ebenavideja\AppData\Local\JetBrains\IdeaIC2022.1/tmp @C:\Users\ebenavideja\.gradle\.tmp\gradle-worker-classpath7957761230815106521txt -Xmx512m -Dfile.encoding=Cp1252 -Djava.io.tmpdir=C:\Users\ebenavideja\AppData\Local\Temp\ -Duser.country=CO -Duser.language=es -Duser.variant -ea worker.org.gradle.process.internal.worker.GradleWorkerMain 'Gradle Test Executor 9'

Host: Intel(R) Core(TM) i5-8350U CPU @ 1.70GHz, 8 cores, 7G,  Windows 10 , 64 bit Build 19041 (10.0.19041.3636)
Time: Sat Feb 17 13:47:49 2024 Hora est. Pacífico, Sudamérica elapsed time: 0.064934 seconds (0d 0h 0m 0s)

---------------  T H R E A D  ---------------

Current thread (0x0000022935532000):  JavaThread "Unknown thread" [_thread_in_vm, id=27540, stack(0x0000005612200000,0x0000005612300000)]

Stack: [0x0000005612200000,0x0000005612300000]
Native frames: (J=compiled Java code, j=interpreted, Vv=VM code, C=native code)
V  [jvm.dll+0x617d9a]
V  [jvm.dll+0x74eeef]
V  [jvm.dll+0x750599]
V  [jvm.dll+0x750c23]
V  [jvm.dll+0x2438d8]
V  [jvm.dll+0x61518a]
V  [jvm.dll+0x609f45]
V  [jvm.dll+0x2f85cc]
V  [jvm.dll+0x2f8452]
V  [jvm.dll+0x2fd106]
V  [jvm.dll+0x33f6ef]
V  [jvm.dll+0x33f120]
V  [jvm.dll+0x2d5ca8]
V  [jvm.dll+0x2d6e06]
V  [jvm.dll+0x72a977]
V  [jvm.dll+0x72c21f]
V  [jvm.dll+0x34c469]
V  [jvm.dll+0x710400]
V  [jvm.dll+0x3b5baf]
V  [jvm.dll+0x3b7cb1]
C  [jli.dll+0x520b]
C  [ucrtbase.dll+0x21bb2]
C  [KERNEL32.DLL+0x17344]
C  [ntdll.dll+0x526b1]


---------------  P R O C E S S  ---------------

Threads class SMR info:
_java_thread_list=0x00000229337f52e0, length=0, elements={
}

Java Threads: ( => current thread )

Other Threads:
  0x0000022935545800 GCTaskThread "GC Thread#0" [stack: 0x0000005612300000,0x0000005612400000] [id=24244]
  0x0000022952269000 ConcurrentGCThread "G1 Main Marker" [stack: 0x0000005612400000,0x0000005612500000] [id=12896]
  0x000002295226a000 ConcurrentGCThread "G1 Conc#0" [stack: 0x0000005612500000,0x0000005612600000] [id=420]

[error occurred during error reporting (printing all threads), id 0xc0000005, EXCEPTION_ACCESS_VIOLATION (0xc0000005) at pc=0x00007ffd9c534f37]

VM state:not at safepoint (not fully initialized)

VM Mutex/Monitor currently owned by a thread:  ([mutex/lock_event])
[0x0000022935530fa0] Heap_lock - owner thread: 0x0000022935532000

Heap address: 0x0000000082200000, size: 2014 MB, Compressed Oops mode: Non-zero based: 0x0000000082200000
Narrow klass base: 0x0000000000000000, Narrow klass shift: 0

GC Heap History (0 events):
No events

Deoptimization events (0 events):
No events

Classes redefined (0 events):
No events

Internal exceptions (0 events):
No events

Events (0 events):
No events


Dynamic libraries:
0x00007ff7deba0000 - 0x00007ff7debaf000 	C:\Program Files\Java\jdk-11.0.12\bin\java.exe
0x00007ffe1cad0000 - 0x00007ffe1ccc8000 	C:\WINDOWS\SYSTEM32\ntdll.dll
0x00007ffe1c270000 - 0x00007ffe1c32d000 	C:\WINDOWS\System32\KERNEL32.DLL
0x00007ffe1a810000 - 0x00007ffe1ab06000 	C:\WINDOWS\System32\KERNELBASE.dll
0x00007ffe1a3b0000 - 0x00007ffe1a4b0000 	C:\WINDOWS\System32\ucrtbase.dll
0x00007ffdaf370000 - 0x00007ffdaf388000 	C:\Program Files\Java\jdk-11.0.12\bin\jli.dll
0x00007ffe1b3e0000 - 0x00007ffe1b493000 	C:\WINDOWS\System32\ADVAPI32.dll
0x00007ffe1b090000 - 0x00007ffe1b12e000 	C:\WINDOWS\System32\msvcrt.dll
0x00007ffe1c370000 - 0x00007ffe1c40f000 	C:\WINDOWS\System32\sechost.dll
0x00007ffe1b200000 - 0x00007ffe1b326000 	C:\WINDOWS\System32\RPCRT4.dll
0x00007ffe1a200000 - 0x00007ffe1a227000 	C:\WINDOWS\System32\bcrypt.dll
0x00007ffe1c0d0000 - 0x00007ffe1c26e000 	C:\WINDOWS\System32\USER32.dll
0x00007ffe1a7e0000 - 0x00007ffe1a802000 	C:\WINDOWS\System32\win32u.dll
0x00007ffe1b060000 - 0x00007ffe1b08b000 	C:\WINDOWS\System32\GDI32.dll
0x00007ffe1a610000 - 0x00007ffe1a727000 	C:\WINDOWS\System32\gdi32full.dll
0x00007ffe1a2c0000 - 0x00007ffe1a35d000 	C:\WINDOWS\System32\msvcp_win.dll
0x00007ffd9cdf0000 - 0x00007ffd9ce05000 	C:\Program Files\Java\jdk-11.0.12\bin\VCRUNTIME140.dll
0x00007ffe09d90000 - 0x00007ffe0a02a000 	C:\WINDOWS\WinSxS\amd64_microsoft.windows.common-controls_6595b64144ccf1df_6.0.19041.3636_none_60b6a03d71f818d5\COMCTL32.dll
0x00007ffe0d130000 - 0x00007ffe0d13a000 	C:\WINDOWS\SYSTEM32\VERSION.dll
0x00007ffe1c330000 - 0x00007ffe1c362000 	C:\WINDOWS\System32\IMM32.DLL
0x00007ffde8fd0000 - 0x00007ffde900f000 	C:\Program Files (x86)\Panda Security\WAC\PSNAEHookMS64.dll
0x00007ffe1c520000 - 0x00007ffe1c575000 	C:\WINDOWS\System32\SHLWAPI.dll
0x00007ffe1c580000 - 0x00007ffe1c588000 	C:\WINDOWS\System32\PSAPI.DLL
0x00007ffde8f10000 - 0x00007ffde8fb4000 	C:\Program Files (x86)\Panda Security\WAC\PSNAETools64.dll
0x00007ffe1b650000 - 0x00007ffe1b77b000 	C:\WINDOWS\System32\ole32.dll
0x00007ffe1c730000 - 0x00007ffe1ca84000 	C:\WINDOWS\System32\combase.dll
0x00007ffe19300000 - 0x00007ffe19333000 	C:\WINDOWS\SYSTEM32\ntmarta.dll
0x00007ffde8ec0000 - 0x00007ffde8f0d000 	C:\Program Files (x86)\Panda Security\WAC\PSNAEComm64.dll
0x00007ffde8ea0000 - 0x00007ffde8eb9000 	C:\Program Files (x86)\Panda Security\WAC\PSNAEHookPlg64.dll
0x00007ffda6910000 - 0x00007ffda6f4f000 	C:\Program Files\McAfee\DLP\Agent\fcagpph64.dll
0x00007ffe1b780000 - 0x00007ffe1bec5000 	C:\WINDOWS\System32\SHELL32.dll
0x00007ffe1bfe0000 - 0x00007ffe1c04b000 	C:\WINDOWS\System32\WS2_32.dll
0x00007ffe1b130000 - 0x00007ffe1b1fd000 	C:\WINDOWS\System32\OLEAUT32.dll
0x00007ffe0a070000 - 0x00007ffe0a115000 	C:\WINDOWS\SYSTEM32\WINSPOOL.DRV
0x00007ffe1bf30000 - 0x00007ffe1bfdd000 	C:\WINDOWS\System32\shcore.dll
0x00007ffe1a070000 - 0x00007ffe1a0a2000 	C:\WINDOWS\SYSTEM32\SspiCli.dll
0x00007ffda4a50000 - 0x00007ffda4ee3000 	C:\Program Files\McAfee\DLP\Agent\fcagafa64.dll
0x00007ffd9cd50000 - 0x00007ffd9cdeb000 	C:\Program Files\Java\jdk-11.0.12\bin\msvcp140.dll
0x00007ffd9c250000 - 0x00007ffd9cd4f000 	C:\Program Files\Java\jdk-11.0.12\bin\server\jvm.dll
0x00007ffe061f0000 - 0x00007ffe061f9000 	C:\WINDOWS\SYSTEM32\WSOCK32.dll
0x00007ffe07030000 - 0x00007ffe07057000 	C:\WINDOWS\SYSTEM32\WINMM.dll
0x00007ffe18b40000 - 0x00007ffe18b52000 	C:\WINDOWS\SYSTEM32\kernel.appcore.dll
0x00007ffd9bf30000 - 0x00007ffd9bf40000 	C:\Program Files\Java\jdk-11.0.12\bin\verify.dll
0x00007ffe14ce0000 - 0x00007ffe14ec4000 	C:\WINDOWS\SYSTEM32\DBGHELP.DLL
0x00007ffe0bb60000 - 0x00007ffe0bb94000 	C:\WINDOWS\SYSTEM32\dbgcore.DLL
0x00007ffe1a230000 - 0x00007ffe1a2b2000 	C:\WINDOWS\System32\bcryptPrimitives.dll
0x00007ffd9bd80000 - 0x00007ffd9bda8000 	C:\Program Files\Java\jdk-11.0.12\bin\java.dll
0x00007ffd9bd70000 - 0x00007ffd9bd7a000 	C:\Program Files\Java\jdk-11.0.12\bin\jimage.dll
0x00007ffd9b850000 - 0x00007ffd9b866000 	C:\Program Files\Java\jdk-11.0.12\bin\zip.dll

dbghelp: loaded successfully - version: 4.0.5 - missing functions: none
symbol engine: initialized successfully - sym options: 0x614 - pdb path: .;C:\Program Files\Java\jdk-11.0.12\bin;C:\WINDOWS\SYSTEM32;C:\WINDOWS\WinSxS\amd64_microsoft.windows.common-controls_6595b64144ccf1df_6.0.19041.3636_none_60b6a03d71f818d5;C:\Program Files (x86)\Panda Security\WAC;C:\Program Files\McAfee\DLP\Agent;C:\Program Files\Java\jdk-11.0.12\bin\server

VM Arguments:
jvm_args: -Daction.aware.typeAhead=false -Dawt.toolkit=sun.awt.windows.WToolkit -DdisableJbScreenMenuBar=true -Dfile.separator=\ -Dide.native.launcher=true -Didea.active=true -Didea.cycle.buffer.size=1024 -Didea.dynamic.classpath=false -Didea.fatal.error.notification=disabled -Didea.jre.check=true -Didea.max.content.load.filesize=20000 -Didea.max.intellisense.filesize=2500 -Didea.no.launcher=false -Didea.paths.selector=IdeaIC2022.1 -Didea.platform.prefix=Idea -Didea.popup.weight=heavy -Didea.strict.classpath=true -Didea.vendor.name=JetBrains -Didea.version=2022.1 -Didea.xdebug.key=-Xdebug -Dio.netty.allocator.cacheTrimIntervalMillis=600000 -Dio.netty.allocator.numDirectArenas=1 -Dio.netty.allocator.numHeapArenas=1 -Dio.netty.allocator.useCacheForAllThreads=false -Dio.netty.machineId=28:f0:76:ff:fe:16:65:0e -Dio.netty.processId=6170 -Dio.netty.serviceThreadPrefix=Netty  -Djava.awt.graphicsenv=sun.awt.Win32GraphicsEnvironment -Djava.awt.printerjob=sun.awt.windows.WPrinterJob -Djava.class.version=55.0 -Djava.home=C:\Program Files\Java\jdk-11.0.12 -Djava.library.path=C:\Program Files\Java\jdk-11.0.12\bin;C:\WINDOWS\Sun\Java\bin;C:\WINDOWS\system32;C:\WINDOWS;C:\Program Files\Common Files\Oracle\Java\javapath;C:\Users\ebenavideja\AppData\Local\Programs\Python\Python38\Scripts\;C:\Users\ebenavideja\AppData\Local\Programs\Python\Python38\;C:\Python38\Scripts\;C:\Python38\;C:\oraclexe\app\oracle\product\11.2.0\server\bin;C:\Program 
java_command: Files\Java\jdk-11.0.12\bin;C:\app\Administrador\product\11.2.0\client_1\bin;C:\WINDOWS\system32;C:\WINDOWS;C:\WINDOWS\System32\Wbem;C:\WINDOWS\System32\WindowsPowerShell\v1.0\;C:\WINDOWS\System32\OpenSSH\;C:\Program Files (x86)\Microsoft SQL Server\Client SDK\ODBC\130\Tools\Binn\;C:\Program Files (x86)\Microsoft SQL Server\130\Tools\Binn\;C:\Program Files (x86)\Microsoft SQL Server\130\DTS\Binn\;C:\Program Files (x86)\Microsoft SQL Server\130\Tools\Binn\ManagementStudio\;C:\Program Files\Java\jdk-11.0.12\bin;C:\Gradle\gradle-6.3\bin;C:\Program Files\nodejs\;C:\Program Files\Git\cmd;C:\Gradle\gradle-7.2\bin;C:\Users\ebenavideja\AppData\Local\Microsoft\WindowsApps;C:\Program Files\Java\jdk-11.0.12\bin;C:\Program Files\Intel\WiFi\bin\;C:\Program Files\Common Files\Intel\WirelessCommon\;C:\Users\ebenavideja\AppData\Local\Programs\Microsoft VS Code\bin;C:\Users\ebenavideja\AppData\Local\Microsoft\WindowsApps;C:\Program Files\JetBrains\IntelliJ IDEA Community Edition 2022.1\bin;;C:\Users\ebenavideja\AppData\Roaming\npm;C:\Program Files\IDM Computer Solutions\UltraEdit\;. -Djava.rmi.server.disableHttp=true -Djava.rmi.server.hostname=127.0.0.1 -Djava.runtime.name=OpenJDK Runtime Environment -Djava.runtime.version=11.0.12+8-LTS-237 -Djava.specification.name=Java Platform API Specification -Djava.specification.vendor=Oracle Corporation -Djava.specification.version=11 -Djava.util.concurrent.ForkJoinPool.common.threadFactory=com.intellij.concurrency.IdeaForkJoinWorkerThreadFactory -Djava.vendor=Oracle Corporation -Djava.vendor.url=https://openjdk.java.net/ -Djava.vendor.url.bug=https://bugreport.java.com/bugreport/ -Djava.vendor.version=JBR-11.0.14.1.1-2043.25-jcef -Djava.version=11.0.12 -Djava.version.date=2022-02-08 -Djava.vm.compressedOopsMode=32-bit -Djava.vm.info=mixed mode -Djava.vm.name=Java HotSpot(TM) 64-Bit Server VM -Djava.vm.specification.name=Java Virtual Machine Specification -Djava.vm.specification.vendor=Oracle Corporation -Djava.vm.specification
java_class_path (initial): C:\Users\ebenavideja\.gradle\wrapper\dists\gradle-7.4-bin\c0gwcg53nkjbqw7r0h0umtfvt\gradle-7.4\lib\gradle-launcher-7.4.jar
Launcher Type: SUN_STANDARD

[Global flags]
     intx CICompilerCount                          = 4                                         {product} {ergonomic}
     uint ConcGCThreads                            = 2                                         {product} {ergonomic}
     uint G1ConcRefinementThreads                  = 8                                         {product} {ergonomic}
   size_t G1HeapRegionSize                         = 1048576                                   {product} {ergonomic}
    uintx GCDrainStackTargetSize                   = 64                                        {product} {ergonomic}
   size_t InitialHeapSize                          = 132120576                                 {product} {ergonomic}
   size_t MarkStackSize                            = 4194304                                   {product} {ergonomic}
   size_t MaxHeapSize                              = 2111832064                                {product} {ergonomic}
   size_t MinHeapDeltaBytes                        = 1048576                                   {product} {ergonomic}
    uintx NonNMethodCodeHeapSize                   = 5836300                                {pd product} {ergonomic}
    uintx NonProfiledCodeHeapSize                  = 122910970                              {pd product} {ergonomic}
    uintx ProfiledCodeHeapSize                     = 122910970                              {pd product} {ergonomic}
    uintx ReservedCodeCacheSize                    = 251658240                              {pd product} {ergonomic}
     bool SegmentedCodeCache                       = true                                      {product} {ergonomic}
     bool UseCompressedClassPointers               = true                                 {lp64_product} {ergonomic}
     bool UseCompressedOops                        = true                                 {lp64_product} {ergonomic}
     bool UseG1GC                                  = true                                      {product} {ergonomic}
     bool UseLargePagesIndividualAllocation        = false                                  {pd product} {ergonomic}

Logging:
Log output configuration:
 #0: stdout all=warning uptime,level,tags
 #1: stderr all=off uptime,level,tags

Environment Variables:
JAVA_HOME=C:\Program Files\Java\jdk-11.0.12
PATH=C:\Program Files\Common Files\Oracle\Java\javapath;C:\Users\ebenavideja\AppData\Local\Programs\Python\Python38\Scripts\;C:\Users\ebenavideja\AppData\Local\Programs\Python\Python38\;C:\Python38\Scripts\;C:\Python38\;"C:\oraclexe\app\oracle\product\11.2.0\server\bin;C:\Program Files\Java\jdk-11.0.12\bin";C:\app\Administrador\product\11.2.0\client_1\bin;C:\WINDOWS\system32;C:\WINDOWS;C:\WINDOWS\System32\Wbem;C:\WINDOWS\System32\WindowsPowerShell\v1.0\;C:\WINDOWS\System32\OpenSSH\;C:\Program Files (x86)\Microsoft SQL Server\Client SDK\ODBC\130\Tools\Binn\;C:\Program Files (x86)\Microsoft SQL Server\130\Tools\Binn\;C:\Program Files (x86)\Microsoft SQL Server\130\DTS\Binn\;C:\Program Files (x86)\Microsoft SQL Server\130\Tools\Binn\ManagementStudio\;C:\Program Files\Java\jdk-11.0.12\bin;C:\Gradle\gradle-6.3\bin;C:\Program Files\nodejs\;C:\Program Files\Git\cmd;C:\Gradle\gradle-7.2\bin;"C:\Users\ebenavideja\AppData\Local\Microsoft\WindowsApps;C:\Program Files\Java\jdk-11.0.12\bin";C:\Program Files\Intel\WiFi\bin\;C:\Program Files\Common Files\Intel\WirelessCommon\;C:\Users\ebenavideja\AppData\Local\Programs\Microsoft VS Code\bin;C:\Users\ebenavideja\AppData\Local\Microsoft\WindowsApps;C:\Program Files\JetBrains\IntelliJ IDEA Community Edition 2022.1\bin;;C:\Users\ebenavideja\AppData\Roaming\npm;C:\Program Files\IDM Computer Solutions\UltraEdit\
USERNAME=ebenavideja
OS=Windows_NT
PROCESSOR_IDENTIFIER=Intel64 Family 6 Model 142 Stepping 10, GenuineIntel



---------------  S Y S T E M  ---------------

OS: Windows 10 , 64 bit Build 19041 (10.0.19041.3636)

CPU:total 8 (initial active 8) (4 cores per cpu, 2 threads per core) family 6 model 142 stepping 10 microcode 0xb4, cmov, cx8, fxsr, mmx, sse, sse2, sse3, ssse3, sse4.1, sse4.2, popcnt, avx, avx2, aes, clmul, erms, rtm, 3dnowpref, lzcnt, ht, tsc, tscinvbit, bmi1, bmi2, adx, fma

Memory: 4k page, system-wide physical 8051M (426M free)
TotalPageFile size 32627M (AvailPageFile size 19M)
current process WorkingSet (physical memory assigned to process): 17M, peak: 17M
current process commit charge ("private bytes"): 69M, peak: 195M

vm_info: Java HotSpot(TM) 64-Bit Server VM (11.0.12+8-LTS-237) for windows-amd64 JRE (11.0.12+8-LTS-237), built on Jun  8 2021 11:25:59 by "mach5one" with MS VC++ 15.9 (VS2017)

END.
